StateLocation: /home/judson/.local/share/sous/state
Server: ""
SiblingURLs: {}
BuildStateDir: ""
Docker:
  RegistryHost: 127.0.0.1:5000
  DatabaseDriver: sqlite3_sous
  DatabaseConnection: file:dummy.db?mode=memory&cache=shared
Docker:
  RegistryHost: 127.0.0.1:5000
/tmp/sous-cli-testing875566405/sous-server /tmp/sous-cli-testing875566405
  (Sous)> git version
> git version 2.7.4

  (Sous)> git config -l
> core.sshcommand=/tmp/sous-cli-testing875566405/home/bin/ssh_wrapper
user.name=Integration Tester
user.email=itester@opentable.com
push.default=simple
core.repositoryformatversion=0
core.filemode=true
core.bare=false
core.logallrefupdates=true
remote.origin.url=ssh://root@127.0.0.1:2222/repos/sous-server
remote.origin.fetch=+refs/heads/*:refs/remotes/origin/*
branch.master.remote=origin
branch.master.merge=refs/heads/master

  (Sous)> git rev-parse --show-toplevel
> /tmp/sous-cli-testing875566405/sous-server

  (Sous)> git rev-parse --abbrev-ref HEAD
> master

  (Sous)> git rev-list -n 1 HEAD
> 23ea27cb2f2b200e5bf9cbcb8c01dcf596e7b456

  (Sous)> git log --date-order --tags --simplify-by-decoration --pretty=format:%H %aI %D
> 1a27267954ca4f05bde5dec1443cf6dbcd520139 2017-01-25T15:39:07-08:00 tag: 0.0.1
  (Sous)> git ls-files
> Dockerfile
main.go
sous-server.yaml

  (Sous)> git ls-files --modified
> 
  (Sous)> git remote -v
> origin	ssh://root@127.0.0.1:2222/repos/sous-server (fetch)
origin	ssh://root@127.0.0.1:2222/repos/sous-server (push)

  (Sous)> git describe --tags --abbrev=0 --always
> 0.0.1

  (Sous)> git ls-files --others --exclude-standard
> 
  (Sous)> git rev-list -n 1 0.0.1
> 1a27267954ca4f05bde5dec1443cf6dbcd520139

Source: 127.0.0.1/2222/repos/sous-server
Owners: []
Kind: http-service
Deployments:
  left:
    Resources:
      cpus: "0.1"
      memory: "100"
      ports: "1"
    NumInstances: 1
    Volumes: []
    Version: 0.0.0
  right:
    Resources:
      cpus: "0.1"
      memory: "100"
      ports: "1"
    NumInstances: 1
    Volumes: []
    Version: 0.0.0
FROM golang:1.7

# Add deploy key.
COPY ./key_sous@example.com /root/.ssh/id_rsa
COPY ./known_hosts /root/.ssh/known_hosts

RUN chmod -R og-rwx /root/.ssh

COPY ./sous /go/bin/sous

COPY main.go /go/src/github.com/opentable/sous-server/
WORKDIR /go/src/github.com/opentable/sous-server
RUN go install -v

# Run sous server.
# NOTE: You must have set PORT0, GDM_REPO
CMD /go/bin/sous-server
total 22746
drwxr-xr-x 3 judson users      224 Feb  1 17:17 .
drwx------ 6 judson users      152 Feb  1 17:17 ..
drwxr-xr-x 8 judson users      328 Feb  1 17:17 .git
-rw-r--r-- 1 judson users      390 Feb  1 17:17 Dockerfile
-rw------- 1 judson users     1679 Feb  1 17:17 key_sous@example.com
-rw-r--r-- 1 judson users     1550 Feb  1 17:17 main.go
-rwxr-xr-x 1 judson users 23249376 Feb  1 17:17 sous
-rw-r--r-- 1 judson users      518 Feb  1 17:17 sous-server.yaml
[127.0.0.1]:2222 ssh-ed25519 AAAAC3NzaC1lZDI1NTE5AAAAIJ5dXmFpX+A/laGvlnIUIEJaM4OzOZCtcSlxBygaUg1F
[127.0.0.1]:2222 ssh-rsa AAAAB3NzaC1yc2EAAAADAQABAAABAQC/NMXnsHZ0eM4tJUSCvp+MC6ZGagLG6U7oTgPNqnHlWccNneDaADaFwojrCSYnDppqhdSmTQ5SfnugNPU+4hNNkq0Lu5JVJQCDhJl+XxNn7hUtSXeQJVcGPBt6CE3h0cY76DQz06OWR6tP9LktPcntI8jnavtl6EFfkFseehvPZ9kdU+Q1jXk5AdUYqDqZryEsWDaYqR0SteFcMhh0vYr+bFSmpWcmQ/0NFSRbc89NtrRVlq6QtWU1Pf/HM6hcSDFTMTWfH0YKYAhqIgMELHR9pT6ABSOsvLOcjBBfDXgwdNAID8exprlp3IOKWhugK+7o08SevefSiRRYXE00VHC3
[127.0.0.1]:2222 ecdsa-sha2-nistp256 AAAAE2VjZHNhLXNoYTItbmlzdHAyNTYAAAAIbmlzdHAyNTYAAABBBHmUx+UjU3+d+yMRGz44OvCbzqmHkxOJwrQyDHVMhlyKkorhkKH/E/x83yh/0Vzo7k2N5NILdxXg7F1iz+TWn2A=
[master 37989bd] Adding ephemeral files
 3 files changed, 30 insertions(+)
 create mode 100644 key_sous@example.com
 create mode 100644 known_hosts
 create mode 100755 sous
RootDir: /tmp/sous-cli-testing875566405/sous-server
OffsetDir: ""
Branch: master
Revision: 37989bd03f48ab33d6c43173de4e82de28e52ac7
Files:
- Dockerfile
- key_sous@example.com
- known_hosts
- main.go
- sous
- sous-server.yaml
ModifiedFiles: []
NewFiles: []
Tags:
- Name: 0.0.2
  Revision: 37989bd03f48ab33d6c43173de4e82de28e52ac7
- Name: 0.0.1
  Revision: 1a27267954ca4f05bde5dec1443cf6dbcd520139
NearestTagName: 0.0.2
NearestTagRevision: 37989bd03f48ab33d6c43173de4e82de28e52ac7
PrimaryRemoteURL: 127.0.0.1/2222/repos/sous-server
RemoteURL: ""
RemoteURLs:
- 127.0.0.1/2222/repos/sous-server
DirtyWorkingTree: false
RevisionUnpushed: false
/tmp/sous-cli-testing875566405/sous-server
  (Sous)> running docker build -t 127.0.0.1:5000/127.0.0.1/2222/repos/sous-server:0.0.2 -t 127.0.0.1:5000/127.0.0.1/2222/repos/sous-server:37989bd03f48ab33d6c43173de4e82de28e52ac7 -
  (Sous)> running docker push 127.0.0.1:5000/127.0.0.1/2222/repos/sous-server:0.0.2
  (Sous)> running docker push 127.0.0.1:5000/127.0.0.1/2222/repos/sous-server:37989bd03f48ab33d6c43173de4e82de28e52ac7
  (Sous)> [recording "127.0.0.1:5000/127.0.0.1/2222/repos/sous-server:0.0.2" as the docker name for "127.0.0.1/2222/repos/sous-server,0.0.2+37989bd03f48ab33d6c43173de4e82de28e52ac7"]
Built: "127.0.0.1:5000/127.0.0.1/2222/repos/sous-server:0.0.2"
Elapsed: 1.877088029s


/tmp/sous-cli-testing875566405
