Source: 192.168.99.100/2222/repos/sous-demo
Owners: []
Kind: http-service
Deployments:
  left:
    Resources:
      cpus: "0.1"
      memory: "100"
      ports: "1"
    NumInstances: 1
    Volumes: []
    Version: 0.0.0
  right:
    Resources:
      cpus: "0.1"
      memory: "100"
      ports: "1"
    NumInstances: 1
    Volumes: []
    Version: 0.0.0
  (Sous)> running docker build --build-arg APP_VERSION=0.0.23 --build-arg APP_REVISION=b27658803a61a9fe538ef6ac063e9eddc454277f .
  (Sous)>   Sending build context to Docker daemon 125.4 kB
  (Sous)>   Step 1/6 : FROM golang:1.7
  (Sous)>    ---> 7afbc2b03b9e
  (Sous)>   Step 2/6 : ARG APP_VERSION=0.0.0
  (Sous)>    ---> Using cache
  (Sous)>    ---> 35e22020cb15
  (Sous)>   Step 3/6 : ARG APP_REVISION=unknown
  (Sous)>    ---> Using cache
  (Sous)>    ---> ed01966d610b
  (Sous)>   Step 4/6 : COPY . /go/src/github.com/opentable/sous-demo
  (Sous)>    ---> 28def3a472a5
  (Sous)>   Removing intermediate container d0b73972a3f4
  (Sous)>   Step 5/6 : RUN cd src/github.com/opentable/sous-demo;   go build -ldflags     "-X 'main.CustomString=$(cat customstring)' -X 'main.Version=${APP_VERSION}' -X 'main.Revision=${APP_REVISION}'" .
  (Sous)>    ---> Running in f18da52fb7bf
  (Sous)>    ---> 6b139dd4252c
  (Sous)>   Removing intermediate container f18da52fb7bf
  (Sous)>   Step 6/6 : CMD sh -c /go/src/github.com/opentable/sous-demo/sous-demo
  (Sous)>    ---> Running in 6ea8b6543996
  (Sous)>    ---> 176c8f2fccbf
  (Sous)>   Removing intermediate container 6ea8b6543996
  (Sous)>   Successfully built 176c8f2fccbf
  (Sous)> running docker build -t 192.168.99.100:5000/192.168.99.100/2222/repos/sous-demo:0.0.23 -t 192.168.99.100:5000/192.168.99.100/2222/repos/sous-demo:b27658803a61a9fe538ef6ac063e9eddc454277f -
  (Sous)>   Sending build context to Docker daemon 2.048 kB
  (Sous)>   Step 1/2 : FROM 176c8f2fccbf
  (Sous)>    ---> 176c8f2fccbf
  (Sous)>   Step 2/2 : LABEL com.opentable.sous.repo_offset "" com.opentable.sous.repo_url "192.168.99.100/2222/repos/sous-demo" com.opentable.sous.revision "b27658803a61a9fe538ef6ac063e9eddc454277f" com.opentable.sous.version "0.0.23"
  (Sous)>    ---> Running in 24457a1254f8
  (Sous)>    ---> d238b0e8b9dd
  (Sous)>   Removing intermediate container 24457a1254f8
  (Sous)>   Successfully built d238b0e8b9dd
  (Sous)> running docker push 192.168.99.100:5000/192.168.99.100/2222/repos/sous-demo:0.0.23
  (Sous)>   The push refers to a repository [192.168.99.100:5000/192.168.99.100/2222/repos/sous-demo]
  (Sous)>   076990e426d2: Preparing
  (Sous)>   72f23c9057da: Preparing
  (Sous)>   8eb1c995f8b9: Preparing
  (Sous)>   677062ced7d3: Preparing
  (Sous)>   d23a95ba38e5: Preparing
  (Sous)>   f4d2be23d596: Preparing
  (Sous)>   30339f20ced0: Preparing
  (Sous)>   0eb22bfb707d: Preparing
  (Sous)>   a2ae92ffcd29: Preparing
  (Sous)>   0eb22bfb707d: Waiting
  (Sous)>   f4d2be23d596: Waiting
  (Sous)>   30339f20ced0: Waiting
  (Sous)>   a2ae92ffcd29: Waiting
  (Sous)>   d23a95ba38e5: Layer already exists
  (Sous)>   677062ced7d3: Layer already exists
  (Sous)>   8eb1c995f8b9: Layer already exists
  (Sous)>   30339f20ced0: Layer already exists
  (Sous)>   0eb22bfb707d: Layer already exists
  (Sous)>   f4d2be23d596: Layer already exists
  (Sous)>   a2ae92ffcd29: Layer already exists
  (Sous)>   72f23c9057da: Pushed
  (Sous)>   076990e426d2: Pushed
  (Sous)>   0.0.23: digest: sha256:b7dd14f9ec4d05be56af936cc650afb3755b315af3ece4fc9d2079edfc9ca565 size: 2212
  (Sous)> running docker push 192.168.99.100:5000/192.168.99.100/2222/repos/sous-demo:b27658803a61a9fe538ef6ac063e9eddc454277f
  (Sous)>   The push refers to a repository [192.168.99.100:5000/192.168.99.100/2222/repos/sous-demo]
  (Sous)>   076990e426d2: Preparing
  (Sous)>   72f23c9057da: Preparing
  (Sous)>   8eb1c995f8b9: Preparing
  (Sous)>   677062ced7d3: Preparing
  (Sous)>   d23a95ba38e5: Preparing
  (Sous)>   f4d2be23d596: Preparing
  (Sous)>   30339f20ced0: Preparing
  (Sous)>   0eb22bfb707d: Preparing
  (Sous)>   a2ae92ffcd29: Preparing
  (Sous)>   f4d2be23d596: Waiting
  (Sous)>   30339f20ced0: Waiting
  (Sous)>   0eb22bfb707d: Waiting
  (Sous)>   a2ae92ffcd29: Waiting
  (Sous)>   076990e426d2: Layer already exists
  (Sous)>   677062ced7d3: Layer already exists
  (Sous)>   72f23c9057da: Layer already exists
  (Sous)>   8eb1c995f8b9: Layer already exists
  (Sous)>   d23a95ba38e5: Layer already exists
  (Sous)>   30339f20ced0: Layer already exists
  (Sous)>   a2ae92ffcd29: Layer already exists
  (Sous)>   0eb22bfb707d: Layer already exists
  (Sous)>   f4d2be23d596: Layer already exists
  (Sous)>   b27658803a61a9fe538ef6ac063e9eddc454277f: digest: sha256:b7dd14f9ec4d05be56af936cc650afb3755b315af3ece4fc9d2079edfc9ca565 size: 2212
  (Sous)> [recording "192.168.99.100:5000/192.168.99.100/2222/repos/sous-demo:0.0.23" as the docker name for "192.168.99.100/2222/repos/sous-demo,0.0.23+b27658803a61a9fe538ef6ac063e9eddc454277f"]
Built: "192.168.99.100:5000/192.168.99.100/2222/repos/sous-demo:0.0.23"
Elapsed: 2.662984553s
Updated global manifest.
Waiting for server to report that deploy has stabilized...
