source: 192.168.99.100/2222/repos/sous-demo
owners: []
kind: http-service
deployments:
  left:
    resources:
      cpus: "30"
      memory: "100"
      ports: "1"
    numinstances: 1
    volumes: []
    version: 0.0.23
  right:
    resources:
      cpus: "30"
      memory: "100"
      ports: "1"
    numinstances: 1
    volumes: []
    version: 0.0.24

source: 192.168.99.100/2222/repos/sous-demo
owners: []
kind: http-service
deployments:
  left:
    resources:
      cpus: "9999999"
      memory: "100"
      ports: "1"
    numinstances: 1
    volumes: []
    version: 0.0.23
  right:
    resources:
      cpus: "9999999"
      memory: "100"
      ports: "1"
    numinstances: 1
    volumes: []
    version: 0.0.24


  (Sous)> running docker build --build-arg APP_VERSION=0.0.25 --build-arg APP_REVISION=b27658803a61a9fe538ef6ac063e9eddc454277f .
  (Sous)>   Sending build context to Docker daemon 127.5 kB
  (Sous)>   Step 1/6 : FROM golang:1.7
  (Sous)>    ---> 7afbc2b03b9e
  (Sous)>   Step 2/6 : ARG APP_VERSION=0.0.0
  (Sous)>    ---> Using cache
  (Sous)>    ---> 35e22020cb15
  (Sous)>   Step 3/6 : ARG APP_REVISION=unknown
  (Sous)>    ---> Using cache
  (Sous)>    ---> ed01966d610b
  (Sous)>   Step 4/6 : COPY . /go/src/github.com/opentable/sous-demo
  (Sous)>    ---> 2e9c136cc40b
  (Sous)>   Removing intermediate container 0db57c9ef7f4
  (Sous)>   Step 5/6 : RUN cd src/github.com/opentable/sous-demo;   go build -ldflags     "-X 'main.CustomString=$(cat customstring)' -X 'main.Version=${APP_VERSION}' -X 'main.Revision=${APP_REVISION}'" .
  (Sous)>    ---> Running in 2e0c6447defd
  (Sous)>    ---> 612126fa08e0
  (Sous)>   Removing intermediate container 2e0c6447defd
  (Sous)>   Step 6/6 : CMD sh -c /go/src/github.com/opentable/sous-demo/sous-demo
  (Sous)>    ---> Running in bc0ac2c8bab5
  (Sous)>    ---> f0dfa42ea0f4
  (Sous)>   Removing intermediate container bc0ac2c8bab5
  (Sous)>   Successfully built f0dfa42ea0f4
  (Sous)> running docker build -t 192.168.99.100:5000/192.168.99.100/2222/repos/sous-demo:0.0.25 -t 192.168.99.100:5000/192.168.99.100/2222/repos/sous-demo:b27658803a61a9fe538ef6ac063e9eddc454277f -
  (Sous)>   Sending build context to Docker daemon 2.048 kB
  (Sous)>   Step 1/2 : FROM f0dfa42ea0f4
  (Sous)>    ---> f0dfa42ea0f4
  (Sous)>   Step 2/2 : LABEL com.opentable.sous.repo_offset "" com.opentable.sous.repo_url "192.168.99.100/2222/repos/sous-demo" com.opentable.sous.revision "b27658803a61a9fe538ef6ac063e9eddc454277f" com.opentable.sous.version "0.0.25" com.opentable.sous.advisories "dirty workspace"
  (Sous)>    ---> Running in 012d39afaf40
  (Sous)>    ---> 96dfc0ce1647
  (Sous)>   Removing intermediate container 012d39afaf40
  (Sous)>   Successfully built 96dfc0ce1647
  (Sous)> running docker push 192.168.99.100:5000/192.168.99.100/2222/repos/sous-demo:0.0.25
  (Sous)>   The push refers to a repository [192.168.99.100:5000/192.168.99.100/2222/repos/sous-demo]
  (Sous)>   d5ea36dbb2aa: Preparing
  (Sous)>   259fe02a1d42: Preparing
  (Sous)>   8eb1c995f8b9: Preparing
  (Sous)>   677062ced7d3: Preparing
  (Sous)>   d23a95ba38e5: Preparing
  (Sous)>   f4d2be23d596: Preparing
  (Sous)>   30339f20ced0: Preparing
  (Sous)>   0eb22bfb707d: Preparing
  (Sous)>   a2ae92ffcd29: Preparing
  (Sous)>   f4d2be23d596: Waiting
  (Sous)>   30339f20ced0: Waiting
  (Sous)>   0eb22bfb707d: Waiting
  (Sous)>   a2ae92ffcd29: Waiting
  (Sous)>   d23a95ba38e5: Layer already exists
  (Sous)>   8eb1c995f8b9: Layer already exists
  (Sous)>   677062ced7d3: Layer already exists
  (Sous)>   0eb22bfb707d: Layer already exists
  (Sous)>   30339f20ced0: Layer already exists
  (Sous)>   f4d2be23d596: Layer already exists
  (Sous)>   a2ae92ffcd29: Layer already exists
  (Sous)>   259fe02a1d42: Pushed
  (Sous)>   d5ea36dbb2aa: Pushed
  (Sous)>   0.0.25: digest: sha256:79ece904e7cece17b0ca0edc427cf6323301f8ddf9f161166ede9affa5da5cd8 size: 2212
  (Sous)> running docker push 192.168.99.100:5000/192.168.99.100/2222/repos/sous-demo:b27658803a61a9fe538ef6ac063e9eddc454277f
  (Sous)>   The push refers to a repository [192.168.99.100:5000/192.168.99.100/2222/repos/sous-demo]
  (Sous)>   d5ea36dbb2aa: Preparing
  (Sous)>   259fe02a1d42: Preparing
  (Sous)>   8eb1c995f8b9: Preparing
  (Sous)>   677062ced7d3: Preparing
  (Sous)>   d23a95ba38e5: Preparing
  (Sous)>   f4d2be23d596: Preparing
  (Sous)>   30339f20ced0: Preparing
  (Sous)>   0eb22bfb707d: Preparing
  (Sous)>   a2ae92ffcd29: Preparing
  (Sous)>   f4d2be23d596: Waiting
  (Sous)>   30339f20ced0: Waiting
  (Sous)>   0eb22bfb707d: Waiting
  (Sous)>   a2ae92ffcd29: Waiting
  (Sous)>   677062ced7d3: Layer already exists
  (Sous)>   d5ea36dbb2aa: Layer already exists
  (Sous)>   8eb1c995f8b9: Layer already exists
  (Sous)>   d23a95ba38e5: Layer already exists
  (Sous)>   259fe02a1d42: Layer already exists
  (Sous)>   0eb22bfb707d: Layer already exists
  (Sous)>   f4d2be23d596: Layer already exists
  (Sous)>   30339f20ced0: Layer already exists
  (Sous)>   a2ae92ffcd29: Layer already exists
  (Sous)>   b27658803a61a9fe538ef6ac063e9eddc454277f: digest: sha256:79ece904e7cece17b0ca0edc427cf6323301f8ddf9f161166ede9affa5da5cd8 size: 2212
  (Sous)> [recording "192.168.99.100:5000/192.168.99.100/2222/repos/sous-demo:0.0.25" as the docker name for "192.168.99.100/2222/repos/sous-demo,0.0.25+b27658803a61a9fe538ef6ac063e9eddc454277f"]
Built: "192.168.99.100:5000/192.168.99.100/2222/repos/sous-demo:0.0.25"
Advisories:
  dirty workspace
Elapsed: 2.480484747s
